[ 2016-09-06T12:45:41+08:00 ] 127.0.0.1 /yc/
INFO: [ app_init ] --START--
INFO: Run Behavior\BuildLiteBehavior [ RunTime:0.000014s ]
INFO: [ app_init ] --END-- [ RunTime:0.001219s ]
INFO: [ app_begin ] --START--
INFO: Run Behavior\ReadHtmlCacheBehavior [ RunTime:0.002267s ]
INFO: [ app_begin ] --END-- [ RunTime:0.002328s ]
INFO: [ view_parse ] --START--
INFO: [ template_filter ] --START--
INFO: Run Behavior\ContentReplaceBehavior [ RunTime:0.004397s ]
INFO: [ template_filter ] --END-- [ RunTime:0.004499s ]
INFO: Run Behavior\ParseTemplateBehavior [ RunTime:0.237699s ]
INFO: [ view_parse ] --END-- [ RunTime:0.237778s ]
INFO: [ view_filter ] --START--
INFO: Run Behavior\WriteHtmlCacheBehavior [ RunTime:0.002734s ]
INFO: [ view_filter ] --END-- [ RunTime:0.002785s ]
INFO: [ app_end ] --START--
INFO: Run Behavior\ShowPageTraceBehavior [ RunTime:0.027165s ]
INFO: [ app_end ] --END-- [ RunTime:0.027383s ]

[ 2016-09-06T12:47:01+08:00 ] 127.0.0.1 /yc/
INFO: [ app_init ] --START--
INFO: Run Behavior\BuildLiteBehavior [ RunTime:0.000013s ]
INFO: [ app_init ] --END-- [ RunTime:0.000447s ]
INFO: [ app_begin ] --START--
INFO: Run Behavior\ReadHtmlCacheBehavior [ RunTime:0.001626s ]
INFO: [ app_begin ] --END-- [ RunTime:0.001765s ]
INFO: [ view_parse ] --START--
INFO: [ template_filter ] --START--
INFO: Run Behavior\ContentReplaceBehavior [ RunTime:0.004179s ]
INFO: [ template_filter ] --END-- [ RunTime:0.004257s ]
INFO: Run Behavior\ParseTemplateBehavior [ RunTime:0.203575s ]
INFO: [ view_parse ] --END-- [ RunTime:0.203640s ]
INFO: [ view_filter ] --START--
INFO: Run Behavior\WriteHtmlCacheBehavior [ RunTime:0.001247s ]
INFO: [ view_filter ] --END-- [ RunTime:0.001316s ]
INFO: [ app_end ] --START--
INFO: Run Behavior\ShowPageTraceBehavior [ RunTime:0.011941s ]
INFO: [ app_end ] --END-- [ RunTime:0.012248s ]

